{"D:\\Luis Antonio\\2-2024\\Proyecto_Taller_Sis_Info_Grupo_1\\API\\db.js": {"path":"D:\\Luis Antonio\\2-2024\\Proyecto_Taller_Sis_Info_Grupo_1\\API\\db.js","statementMap":{"0":{"start":{"line":1,"column":0},"end":{"line":1,"column":27}},"1":{"start":{"line":2,"column":14},"end":{"line":2,"column":39}},"2":{"start":{"line":4,"column":13},"end":{"line":12,"column":2}},"3":{"start":{"line":13,"column":0},"end":{"line":13,"column":22}}},"fnMap":{},"branchMap":{},"s":{"0":3,"1":3,"2":3,"3":3},"f":{},"b":{},"_coverageSchema":"1a1c01bbd47fc00a2c39e90264f33305004495a9","hash":"e6d11f25f9b14fc43acd75c47859f0ff92ef5193"}
,"D:\\Luis Antonio\\2-2024\\Proyecto_Taller_Sis_Info_Grupo_1\\API\\controllers\\negociosController.js": {"path":"D:\\Luis Antonio\\2-2024\\Proyecto_Taller_Sis_Info_Grupo_1\\API\\controllers\\negociosController.js","statementMap":{"0":{"start":{"line":1,"column":15},"end":{"line":1,"column":32}},"1":{"start":{"line":2,"column":11},"end":{"line":2,"column":27}},"2":{"start":{"line":5,"column":0},"end":{"line":24,"column":2}},"3":{"start":{"line":6,"column":86},"end":{"line":6,"column":94}},"4":{"start":{"line":7,"column":17},"end":{"line":7,"column":50}},"5":{"start":{"line":9,"column":23},"end":{"line":9,"column":25}},"6":{"start":{"line":11,"column":4},"end":{"line":23,"column":5}},"7":{"start":{"line":13,"column":31},"end":{"line":13,"column":73}},"8":{"start":{"line":15,"column":22},"end":{"line":15,"column":154}},"9":{"start":{"line":16,"column":8},"end":{"line":16,"column":112}},"10":{"start":{"line":19,"column":8},"end":{"line":19,"column":70}},"11":{"start":{"line":21,"column":8},"end":{"line":21,"column":57}},"12":{"start":{"line":22,"column":8},"end":{"line":22,"column":60}},"13":{"start":{"line":27,"column":0},"end":{"line":37,"column":2}},"14":{"start":{"line":29,"column":18},"end":{"line":29,"column":42}},"15":{"start":{"line":31,"column":4},"end":{"line":36,"column":5}},"16":{"start":{"line":32,"column":26},"end":{"line":32,"column":47}},"17":{"start":{"line":33,"column":8},"end":{"line":33,"column":26}},"18":{"start":{"line":35,"column":8},"end":{"line":35,"column":60}},"19":{"start":{"line":39,"column":0},"end":{"line":59,"column":2}},"20":{"start":{"line":40,"column":22},"end":{"line":40,"column":43}},"21":{"start":{"line":42,"column":4},"end":{"line":58,"column":5}},"22":{"start":{"line":43,"column":26},"end":{"line":43,"column":100}},"23":{"start":{"line":45,"column":8},"end":{"line":47,"column":9}},"24":{"start":{"line":46,"column":12},"end":{"line":46,"column":66}},"25":{"start":{"line":49,"column":24},"end":{"line":49,"column":34}},"26":{"start":{"line":51,"column":8},"end":{"line":53,"column":9}},"27":{"start":{"line":52,"column":12},"end":{"line":52,"column":86}},"28":{"start":{"line":55,"column":8},"end":{"line":55,"column":26}},"29":{"start":{"line":57,"column":8},"end":{"line":57,"column":70}},"30":{"start":{"line":61,"column":0},"end":{"line":149,"column":2}},"31":{"start":{"line":62,"column":22},"end":{"line":62,"column":43}},"32":{"start":{"line":63,"column":86},"end":{"line":63,"column":94}},"33":{"start":{"line":64,"column":17},"end":{"line":64,"column":50}},"34":{"start":{"line":66,"column":4},"end":{"line":148,"column":5}},"35":{"start":{"line":68,"column":35},"end":{"line":71,"column":9}},"36":{"start":{"line":73,"column":8},"end":{"line":75,"column":9}},"37":{"start":{"line":74,"column":12},"end":{"line":74,"column":78}},"38":{"start":{"line":78,"column":27},"end":{"line":78,"column":29}},"39":{"start":{"line":79,"column":27},"end":{"line":79,"column":29}},"40":{"start":{"line":81,"column":8},"end":{"line":84,"column":9}},"41":{"start":{"line":82,"column":12},"end":{"line":82,"column":44}},"42":{"start":{"line":83,"column":12},"end":{"line":83,"column":38}},"43":{"start":{"line":85,"column":8},"end":{"line":88,"column":9}},"44":{"start":{"line":86,"column":12},"end":{"line":86,"column":49}},"45":{"start":{"line":87,"column":12},"end":{"line":87,"column":43}},"46":{"start":{"line":89,"column":8},"end":{"line":92,"column":9}},"47":{"start":{"line":90,"column":12},"end":{"line":90,"column":44}},"48":{"start":{"line":91,"column":12},"end":{"line":91,"column":38}},"49":{"start":{"line":93,"column":8},"end":{"line":98,"column":9}},"50":{"start":{"line":94,"column":31},"end":{"line":94,"column":33}},"51":{"start":{"line":95,"column":35},"end":{"line":95,"column":77}},"52":{"start":{"line":96,"column":12},"end":{"line":96,"column":49}},"53":{"start":{"line":97,"column":12},"end":{"line":97,"column":46}},"54":{"start":{"line":99,"column":8},"end":{"line":102,"column":9}},"55":{"start":{"line":100,"column":12},"end":{"line":100,"column":45}},"56":{"start":{"line":101,"column":12},"end":{"line":101,"column":39}},"57":{"start":{"line":103,"column":8},"end":{"line":106,"column":9}},"58":{"start":{"line":104,"column":12},"end":{"line":104,"column":46}},"59":{"start":{"line":105,"column":12},"end":{"line":105,"column":40}},"60":{"start":{"line":107,"column":8},"end":{"line":110,"column":9}},"61":{"start":{"line":108,"column":12},"end":{"line":108,"column":46}},"62":{"start":{"line":109,"column":12},"end":{"line":109,"column":40}},"63":{"start":{"line":111,"column":8},"end":{"line":114,"column":9}},"64":{"start":{"line":112,"column":12},"end":{"line":112,"column":42}},"65":{"start":{"line":113,"column":12},"end":{"line":113,"column":36}},"66":{"start":{"line":117,"column":8},"end":{"line":119,"column":9}},"67":{"start":{"line":118,"column":12},"end":{"line":118,"column":100}},"68":{"start":{"line":122,"column":22},"end":{"line":126,"column":9}},"69":{"start":{"line":129,"column":8},"end":{"line":129,"column":37}},"70":{"start":{"line":132,"column":25},"end":{"line":132,"column":60}},"71":{"start":{"line":134,"column":8},"end":{"line":136,"column":9}},"72":{"start":{"line":135,"column":12},"end":{"line":135,"column":89}},"73":{"start":{"line":138,"column":8},"end":{"line":141,"column":11}},"74":{"start":{"line":143,"column":8},"end":{"line":143,"column":62}},"75":{"start":{"line":144,"column":8},"end":{"line":147,"column":11}},"76":{"start":{"line":152,"column":0},"end":{"line":163,"column":2}},"77":{"start":{"line":153,"column":22},"end":{"line":153,"column":35}},"78":{"start":{"line":155,"column":18},"end":{"line":155,"column":72}},"79":{"start":{"line":157,"column":4},"end":{"line":162,"column":5}},"80":{"start":{"line":158,"column":8},"end":{"line":158,"column":58}},"81":{"start":{"line":159,"column":8},"end":{"line":159,"column":61}},"82":{"start":{"line":161,"column":8},"end":{"line":161,"column":60}}},"fnMap":{"0":{"name":"(anonymous_0)","decl":{"start":{"line":5,"column":23},"end":{"line":5,"column":24}},"loc":{"start":{"line":5,"column":43},"end":{"line":24,"column":1}},"line":5},"1":{"name":"(anonymous_1)","decl":{"start":{"line":27,"column":26},"end":{"line":27,"column":27}},"loc":{"start":{"line":27,"column":46},"end":{"line":37,"column":1}},"line":27},"2":{"name":"(anonymous_2)","decl":{"start":{"line":39,"column":30},"end":{"line":39,"column":31}},"loc":{"start":{"line":39,"column":50},"end":{"line":59,"column":1}},"line":39},"3":{"name":"(anonymous_3)","decl":{"start":{"line":61,"column":28},"end":{"line":61,"column":29}},"loc":{"start":{"line":61,"column":48},"end":{"line":149,"column":1}},"line":61},"4":{"name":"(anonymous_4)","decl":{"start":{"line":152,"column":26},"end":{"line":152,"column":27}},"loc":{"start":{"line":152,"column":46},"end":{"line":163,"column":1}},"line":152}},"branchMap":{"0":{"loc":{"start":{"line":7,"column":17},"end":{"line":7,"column":50}},"type":"cond-expr","locations":[{"start":{"line":7,"column":28},"end":{"line":7,"column":43}},{"start":{"line":7,"column":46},"end":{"line":7,"column":50}}],"line":7},"1":{"loc":{"start":{"line":45,"column":8},"end":{"line":47,"column":9}},"type":"if","locations":[{"start":{"line":45,"column":8},"end":{"line":47,"column":9}},{"start":{},"end":{}}],"line":45},"2":{"loc":{"start":{"line":51,"column":8},"end":{"line":53,"column":9}},"type":"if","locations":[{"start":{"line":51,"column":8},"end":{"line":53,"column":9}},{"start":{},"end":{}}],"line":51},"3":{"loc":{"start":{"line":64,"column":17},"end":{"line":64,"column":50}},"type":"cond-expr","locations":[{"start":{"line":64,"column":28},"end":{"line":64,"column":43}},{"start":{"line":64,"column":46},"end":{"line":64,"column":50}}],"line":64},"4":{"loc":{"start":{"line":73,"column":8},"end":{"line":75,"column":9}},"type":"if","locations":[{"start":{"line":73,"column":8},"end":{"line":75,"column":9}},{"start":{},"end":{}}],"line":73},"5":{"loc":{"start":{"line":81,"column":8},"end":{"line":84,"column":9}},"type":"if","locations":[{"start":{"line":81,"column":8},"end":{"line":84,"column":9}},{"start":{},"end":{}}],"line":81},"6":{"loc":{"start":{"line":85,"column":8},"end":{"line":88,"column":9}},"type":"if","locations":[{"start":{"line":85,"column":8},"end":{"line":88,"column":9}},{"start":{},"end":{}}],"line":85},"7":{"loc":{"start":{"line":89,"column":8},"end":{"line":92,"column":9}},"type":"if","locations":[{"start":{"line":89,"column":8},"end":{"line":92,"column":9}},{"start":{},"end":{}}],"line":89},"8":{"loc":{"start":{"line":93,"column":8},"end":{"line":98,"column":9}},"type":"if","locations":[{"start":{"line":93,"column":8},"end":{"line":98,"column":9}},{"start":{},"end":{}}],"line":93},"9":{"loc":{"start":{"line":99,"column":8},"end":{"line":102,"column":9}},"type":"if","locations":[{"start":{"line":99,"column":8},"end":{"line":102,"column":9}},{"start":{},"end":{}}],"line":99},"10":{"loc":{"start":{"line":103,"column":8},"end":{"line":106,"column":9}},"type":"if","locations":[{"start":{"line":103,"column":8},"end":{"line":106,"column":9}},{"start":{},"end":{}}],"line":103},"11":{"loc":{"start":{"line":107,"column":8},"end":{"line":110,"column":9}},"type":"if","locations":[{"start":{"line":107,"column":8},"end":{"line":110,"column":9}},{"start":{},"end":{}}],"line":107},"12":{"loc":{"start":{"line":111,"column":8},"end":{"line":114,"column":9}},"type":"if","locations":[{"start":{"line":111,"column":8},"end":{"line":114,"column":9}},{"start":{},"end":{}}],"line":111},"13":{"loc":{"start":{"line":117,"column":8},"end":{"line":119,"column":9}},"type":"if","locations":[{"start":{"line":117,"column":8},"end":{"line":119,"column":9}},{"start":{},"end":{}}],"line":117},"14":{"loc":{"start":{"line":134,"column":8},"end":{"line":136,"column":9}},"type":"if","locations":[{"start":{"line":134,"column":8},"end":{"line":136,"column":9}},{"start":{},"end":{}}],"line":134}},"s":{"0":1,"1":1,"2":1,"3":0,"4":0,"5":0,"6":0,"7":0,"8":0,"9":0,"10":0,"11":0,"12":0,"13":1,"14":0,"15":0,"16":0,"17":0,"18":0,"19":1,"20":0,"21":0,"22":0,"23":0,"24":0,"25":0,"26":0,"27":0,"28":0,"29":0,"30":1,"31":0,"32":0,"33":0,"34":0,"35":0,"36":0,"37":0,"38":0,"39":0,"40":0,"41":0,"42":0,"43":0,"44":0,"45":0,"46":0,"47":0,"48":0,"49":0,"50":0,"51":0,"52":0,"53":0,"54":0,"55":0,"56":0,"57":0,"58":0,"59":0,"60":0,"61":0,"62":0,"63":0,"64":0,"65":0,"66":0,"67":0,"68":0,"69":0,"70":0,"71":0,"72":0,"73":0,"74":0,"75":0,"76":1,"77":0,"78":0,"79":0,"80":0,"81":0,"82":0},"f":{"0":0,"1":0,"2":0,"3":0,"4":0},"b":{"0":[0,0],"1":[0,0],"2":[0,0],"3":[0,0],"4":[0,0],"5":[0,0],"6":[0,0],"7":[0,0],"8":[0,0],"9":[0,0],"10":[0,0],"11":[0,0],"12":[0,0],"13":[0,0],"14":[0,0]},"_coverageSchema":"1a1c01bbd47fc00a2c39e90264f33305004495a9","hash":"073b3ee0cbb2b5610d64d5b9e0eeb1a7d815a97c"}
,"D:\\Luis Antonio\\2-2024\\Proyecto_Taller_Sis_Info_Grupo_1\\API\\controllers\\pedidosController.js": {"path":"D:\\Luis Antonio\\2-2024\\Proyecto_Taller_Sis_Info_Grupo_1\\API\\controllers\\pedidosController.js","statementMap":{"0":{"start":{"line":1,"column":11},"end":{"line":1,"column":27}},"1":{"start":{"line":4,"column":0},"end":{"line":38,"column":2}},"2":{"start":{"line":5,"column":38},"end":{"line":5,"column":46}},"3":{"start":{"line":7,"column":24},"end":{"line":7,"column":124}},"4":{"start":{"line":8,"column":32},"end":{"line":8,"column":124}},"5":{"start":{"line":10,"column":4},"end":{"line":37,"column":5}},"6":{"start":{"line":12,"column":27},"end":{"line":12,"column":112}},"7":{"start":{"line":12,"column":65},"end":{"line":12,"column":108}},"8":{"start":{"line":15,"column":8},"end":{"line":15,"column":44}},"9":{"start":{"line":18,"column":31},"end":{"line":18,"column":97}},"10":{"start":{"line":21,"column":25},"end":{"line":21,"column":46}},"11":{"start":{"line":24,"column":8},"end":{"line":26,"column":9}},"12":{"start":{"line":25,"column":12},"end":{"line":25,"column":118}},"13":{"start":{"line":29,"column":8},"end":{"line":29,"column":33}},"14":{"start":{"line":31,"column":8},"end":{"line":31,"column":90}},"15":{"start":{"line":34,"column":8},"end":{"line":34,"column":35}},"16":{"start":{"line":35,"column":8},"end":{"line":35,"column":56}},"17":{"start":{"line":36,"column":8},"end":{"line":36,"column":68}},"18":{"start":{"line":41,"column":0},"end":{"line":97,"column":2}},"19":{"start":{"line":42,"column":25},"end":{"line":42,"column":35}},"20":{"start":{"line":45,"column":16},"end":{"line":65,"column":3}},"21":{"start":{"line":67,"column":2},"end":{"line":96,"column":3}},"22":{"start":{"line":68,"column":23},"end":{"line":68,"column":58}},"23":{"start":{"line":71,"column":22},"end":{"line":90,"column":12}},"24":{"start":{"line":72,"column":23},"end":{"line":72,"column":67}},"25":{"start":{"line":72,"column":37},"end":{"line":72,"column":66}},"26":{"start":{"line":73,"column":10},"end":{"line":82,"column":11}},"27":{"start":{"line":74,"column":14},"end":{"line":80,"column":16}},"28":{"start":{"line":81,"column":14},"end":{"line":81,"column":31}},"29":{"start":{"line":83,"column":10},"end":{"line":88,"column":13}},"30":{"start":{"line":89,"column":10},"end":{"line":89,"column":21}},"31":{"start":{"line":92,"column":6},"end":{"line":92,"column":36}},"32":{"start":{"line":94,"column":6},"end":{"line":94,"column":58}},"33":{"start":{"line":95,"column":6},"end":{"line":95,"column":70}}},"fnMap":{"0":{"name":"(anonymous_0)","decl":{"start":{"line":4,"column":22},"end":{"line":4,"column":23}},"loc":{"start":{"line":4,"column":42},"end":{"line":38,"column":1}},"line":4},"1":{"name":"(anonymous_1)","decl":{"start":{"line":12,"column":44},"end":{"line":12,"column":45}},"loc":{"start":{"line":12,"column":65},"end":{"line":12,"column":108}},"line":12},"2":{"name":"(anonymous_2)","decl":{"start":{"line":41,"column":35},"end":{"line":41,"column":36}},"loc":{"start":{"line":41,"column":55},"end":{"line":97,"column":1}},"line":41},"3":{"name":"(anonymous_3)","decl":{"start":{"line":71,"column":36},"end":{"line":71,"column":37}},"loc":{"start":{"line":71,"column":50},"end":{"line":90,"column":7}},"line":71},"4":{"name":"(anonymous_4)","decl":{"start":{"line":72,"column":32},"end":{"line":72,"column":33}},"loc":{"start":{"line":72,"column":37},"end":{"line":72,"column":66}},"line":72}},"branchMap":{"0":{"loc":{"start":{"line":73,"column":10},"end":{"line":82,"column":11}},"type":"if","locations":[{"start":{"line":73,"column":10},"end":{"line":82,"column":11}},{"start":{},"end":{}}],"line":73}},"s":{"0":1,"1":1,"2":0,"3":0,"4":0,"5":0,"6":0,"7":0,"8":0,"9":0,"10":0,"11":0,"12":0,"13":0,"14":0,"15":0,"16":0,"17":0,"18":1,"19":0,"20":0,"21":0,"22":0,"23":0,"24":0,"25":0,"26":0,"27":0,"28":0,"29":0,"30":0,"31":0,"32":0,"33":0},"f":{"0":0,"1":0,"2":0,"3":0,"4":0},"b":{"0":[0,0]},"_coverageSchema":"1a1c01bbd47fc00a2c39e90264f33305004495a9","hash":"5a9ec256a40e38ecb2e9632eb648e55d5dea8432"}
,"D:\\Luis Antonio\\2-2024\\Proyecto_Taller_Sis_Info_Grupo_1\\API\\controllers\\productosController.js": {"path":"D:\\Luis Antonio\\2-2024\\Proyecto_Taller_Sis_Info_Grupo_1\\API\\controllers\\productosController.js","statementMap":{"0":{"start":{"line":1,"column":11},"end":{"line":1,"column":27}},"1":{"start":{"line":4,"column":0},"end":{"line":16,"column":2}},"2":{"start":{"line":5,"column":55},"end":{"line":5,"column":63}},"3":{"start":{"line":6,"column":22},"end":{"line":6,"column":35}},"4":{"start":{"line":8,"column":18},"end":{"line":8,"column":118}},"5":{"start":{"line":10,"column":4},"end":{"line":15,"column":5}},"6":{"start":{"line":11,"column":8},"end":{"line":11,"column":84}},"7":{"start":{"line":12,"column":8},"end":{"line":12,"column":71}},"8":{"start":{"line":14,"column":8},"end":{"line":14,"column":60}},"9":{"start":{"line":19,"column":0},"end":{"line":37,"column":2}},"10":{"start":{"line":20,"column":22},"end":{"line":20,"column":42}},"11":{"start":{"line":23,"column":16},"end":{"line":23,"column":41}},"12":{"start":{"line":24,"column":17},"end":{"line":24,"column":19}},"13":{"start":{"line":26,"column":4},"end":{"line":29,"column":5}},"14":{"start":{"line":27,"column":8},"end":{"line":27,"column":41}},"15":{"start":{"line":28,"column":8},"end":{"line":28,"column":31}},"16":{"start":{"line":31,"column":4},"end":{"line":36,"column":5}},"17":{"start":{"line":32,"column":26},"end":{"line":32,"column":55}},"18":{"start":{"line":33,"column":8},"end":{"line":33,"column":26}},"19":{"start":{"line":35,"column":8},"end":{"line":35,"column":60}},"20":{"start":{"line":39,"column":0},"end":{"line":57,"column":2}},"21":{"start":{"line":40,"column":21},"end":{"line":40,"column":43}},"22":{"start":{"line":42,"column":2},"end":{"line":56,"column":3}},"23":{"start":{"line":44,"column":24},"end":{"line":44,"column":101}},"24":{"start":{"line":47,"column":6},"end":{"line":49,"column":7}},"25":{"start":{"line":48,"column":10},"end":{"line":48,"column":65}},"26":{"start":{"line":52,"column":6},"end":{"line":52,"column":27}},"27":{"start":{"line":55,"column":6},"end":{"line":55,"column":68}},"28":{"start":{"line":60,"column":0},"end":{"line":77,"column":2}},"29":{"start":{"line":61,"column":77},"end":{"line":61,"column":85}},"30":{"start":{"line":62,"column":23},"end":{"line":62,"column":36}},"31":{"start":{"line":63,"column":4},"end":{"line":63,"column":45}},"32":{"start":{"line":64,"column":4},"end":{"line":64,"column":47}},"33":{"start":{"line":66,"column":18},"end":{"line":66,"column":166}},"34":{"start":{"line":68,"column":4},"end":{"line":76,"column":5}},"35":{"start":{"line":69,"column":25},"end":{"line":69,"column":137}},"36":{"start":{"line":70,"column":8},"end":{"line":72,"column":9}},"37":{"start":{"line":71,"column":12},"end":{"line":71,"column":111}},"38":{"start":{"line":73,"column":8},"end":{"line":73,"column":64}},"39":{"start":{"line":75,"column":8},"end":{"line":75,"column":60}},"40":{"start":{"line":80,"column":0},"end":{"line":91,"column":2}},"41":{"start":{"line":81,"column":23},"end":{"line":81,"column":36}},"42":{"start":{"line":83,"column":18},"end":{"line":83,"column":82}},"43":{"start":{"line":85,"column":4},"end":{"line":90,"column":5}},"44":{"start":{"line":86,"column":8},"end":{"line":86,"column":59}},"45":{"start":{"line":87,"column":8},"end":{"line":87,"column":62}},"46":{"start":{"line":89,"column":8},"end":{"line":89,"column":60}}},"fnMap":{"0":{"name":"(anonymous_0)","decl":{"start":{"line":4,"column":24},"end":{"line":4,"column":25}},"loc":{"start":{"line":4,"column":44},"end":{"line":16,"column":1}},"line":4},"1":{"name":"(anonymous_1)","decl":{"start":{"line":19,"column":39},"end":{"line":19,"column":40}},"loc":{"start":{"line":19,"column":59},"end":{"line":37,"column":1}},"line":19},"2":{"name":"(anonymous_2)","decl":{"start":{"line":39,"column":31},"end":{"line":39,"column":32}},"loc":{"start":{"line":39,"column":51},"end":{"line":57,"column":1}},"line":39},"3":{"name":"(anonymous_3)","decl":{"start":{"line":60,"column":29},"end":{"line":60,"column":30}},"loc":{"start":{"line":60,"column":49},"end":{"line":77,"column":1}},"line":60},"4":{"name":"(anonymous_4)","decl":{"start":{"line":80,"column":27},"end":{"line":80,"column":28}},"loc":{"start":{"line":80,"column":47},"end":{"line":91,"column":1}},"line":80}},"branchMap":{"0":{"loc":{"start":{"line":26,"column":4},"end":{"line":29,"column":5}},"type":"if","locations":[{"start":{"line":26,"column":4},"end":{"line":29,"column":5}},{"start":{},"end":{}}],"line":26},"1":{"loc":{"start":{"line":47,"column":6},"end":{"line":49,"column":7}},"type":"if","locations":[{"start":{"line":47,"column":6},"end":{"line":49,"column":7}},{"start":{},"end":{}}],"line":47},"2":{"loc":{"start":{"line":70,"column":8},"end":{"line":72,"column":9}},"type":"if","locations":[{"start":{"line":70,"column":8},"end":{"line":72,"column":9}},{"start":{},"end":{}}],"line":70}},"s":{"0":1,"1":1,"2":0,"3":0,"4":0,"5":0,"6":0,"7":0,"8":0,"9":1,"10":0,"11":0,"12":0,"13":0,"14":0,"15":0,"16":0,"17":0,"18":0,"19":0,"20":1,"21":0,"22":0,"23":0,"24":0,"25":0,"26":0,"27":0,"28":1,"29":0,"30":0,"31":0,"32":0,"33":0,"34":0,"35":0,"36":0,"37":0,"38":0,"39":0,"40":1,"41":0,"42":0,"43":0,"44":0,"45":0,"46":0},"f":{"0":0,"1":0,"2":0,"3":0,"4":0},"b":{"0":[0,0],"1":[0,0],"2":[0,0]},"_coverageSchema":"1a1c01bbd47fc00a2c39e90264f33305004495a9","hash":"214e833cc08d8f62daa5e289fc1f6174e11fdd5a"}
}
