TN:
SF:authController.js
FN:6,(anonymous_0)
FNF:1
FNH:1
FNDA:7,(anonymous_0)
DA:1,1
DA:2,1
DA:3,1
DA:6,1
DA:7,7
DA:9,7
DA:10,1
DA:13,6
DA:14,6
DA:16,6
DA:17,6
DA:19,5
DA:20,1
DA:23,4
DA:25,4
DA:27,4
DA:28,3
DA:30,3
DA:31,1
DA:35,2
DA:37,2
DA:39,2
DA:40,2
LF:23
LH:23
BRDA:9,0,0,1
BRDA:9,0,1,6
BRDA:9,1,0,7
BRDA:9,1,1,2
BRDA:13,2,0,5
BRDA:13,2,1,1
BRDA:14,3,0,5
BRDA:14,3,1,1
BRDA:19,4,0,1
BRDA:19,4,1,4
BRDA:19,5,0,5
BRDA:19,5,1,5
BRDA:30,6,0,1
BRDA:30,6,1,2
BRF:14
BRH:14
end_of_record
TN:
SF:carritosController.js
FN:4,(anonymous_0)
FN:19,(anonymous_1)
FN:37,(anonymous_2)
FN:52,(anonymous_3)
FNF:4
FNH:4
FNDA:2,(anonymous_0)
FNDA:2,(anonymous_1)
FNDA:2,(anonymous_2)
FNDA:4,(anonymous_3)
DA:1,1
DA:4,1
DA:5,2
DA:7,2
DA:8,2
DA:12,1
DA:14,1
DA:19,1
DA:20,2
DA:22,2
DA:23,2
DA:30,1
DA:32,1
DA:37,1
DA:38,2
DA:40,2
DA:41,2
DA:45,1
DA:47,1
DA:52,1
DA:53,4
DA:55,4
DA:56,4
DA:57,4
DA:58,2
DA:63,2
DA:69,4
DA:70,2
DA:73,2
DA:75,0
LF:30
LH:29
BRDA:57,0,0,2
BRDA:57,0,1,2
BRDA:69,1,0,2
BRDA:69,1,1,2
BRF:4
BRH:4
end_of_record
TN:
SF:empresasController.js
FN:5,(anonymous_0)
FN:29,(anonymous_1)
FN:35,(anonymous_2)
FN:52,(anonymous_3)
FN:78,(anonymous_4)
FN:163,(anonymous_5)
FNF:6
FNH:5
FNDA:2,(anonymous_0)
FNDA:5,(anonymous_1)
FNDA:4,(anonymous_2)
FNDA:5,(anonymous_3)
FNDA:0,(anonymous_4)
FNDA:2,(anonymous_5)
DA:1,1
DA:2,1
DA:5,1
DA:6,2
DA:7,2
DA:8,2
DA:10,2
DA:12,2
DA:14,2
DA:16,2
DA:18,2
DA:21,1
DA:23,1
DA:24,1
DA:29,1
DA:30,5
DA:32,5
DA:33,5
DA:35,4
DA:36,4
DA:37,2
DA:39,4
DA:40,2
DA:42,4
DA:45,4
DA:47,1
DA:52,1
DA:53,5
DA:55,5
DA:56,5
DA:58,4
DA:59,1
DA:62,3
DA:64,3
DA:65,2
DA:67,3
DA:68,2
DA:71,3
DA:73,1
DA:78,1
DA:79,0
DA:80,0
DA:81,0
DA:82,0
DA:84,0
DA:85,0
DA:87,0
DA:88,0
DA:91,0
DA:92,0
DA:94,0
DA:95,0
DA:96,0
DA:99,0
DA:100,0
DA:101,0
DA:104,0
DA:105,0
DA:106,0
DA:109,0
DA:110,0
DA:111,0
DA:112,0
DA:115,0
DA:116,0
DA:117,0
DA:120,0
DA:121,0
DA:122,0
DA:125,0
DA:126,0
DA:127,0
DA:130,0
DA:131,0
DA:132,0
DA:135,0
DA:136,0
DA:137,0
DA:141,0
DA:142,0
DA:145,0
DA:146,0
DA:148,0
DA:150,0
DA:151,0
DA:154,0
DA:156,0
DA:157,0
DA:163,1
DA:164,2
DA:166,2
DA:168,2
DA:169,2
DA:170,1
DA:172,1
LF:95
LH:47
BRDA:7,0,0,2
BRDA:7,0,1,0
BRDA:8,1,0,2
BRDA:8,1,1,0
BRDA:36,2,0,2
BRDA:36,2,1,2
BRDA:39,3,0,2
BRDA:39,3,1,2
BRDA:58,4,0,1
BRDA:58,4,1,3
BRDA:64,5,0,2
BRDA:64,5,1,1
BRDA:67,6,0,2
BRDA:67,6,1,1
BRDA:81,7,0,0
BRDA:81,7,1,0
BRDA:82,8,0,0
BRDA:82,8,1,0
BRDA:87,9,0,0
BRDA:87,9,1,0
BRDA:94,10,0,0
BRDA:94,10,1,0
BRDA:99,11,0,0
BRDA:99,11,1,0
BRDA:104,12,0,0
BRDA:104,12,1,0
BRDA:109,13,0,0
BRDA:109,13,1,0
BRDA:115,14,0,0
BRDA:115,14,1,0
BRDA:120,15,0,0
BRDA:120,15,1,0
BRDA:125,16,0,0
BRDA:125,16,1,0
BRDA:130,17,0,0
BRDA:130,17,1,0
BRDA:135,18,0,0
BRDA:135,18,1,0
BRDA:141,19,0,0
BRDA:141,19,1,0
BRDA:150,20,0,0
BRDA:150,20,1,0
BRF:42
BRH:12
end_of_record
TN:
SF:negociosController.js
FN:5,(anonymous_0)
FN:27,(anonymous_1)
FN:39,(anonymous_2)
FN:61,(anonymous_3)
FN:152,(anonymous_4)
FNF:5
FNH:0
FNDA:0,(anonymous_0)
FNDA:0,(anonymous_1)
FNDA:0,(anonymous_2)
FNDA:0,(anonymous_3)
FNDA:0,(anonymous_4)
DA:1,1
DA:2,1
DA:5,1
DA:6,0
DA:7,0
DA:9,0
DA:11,0
DA:13,0
DA:15,0
DA:16,0
DA:19,0
DA:21,0
DA:22,0
DA:27,1
DA:29,0
DA:31,0
DA:32,0
DA:33,0
DA:35,0
DA:39,1
DA:40,0
DA:42,0
DA:43,0
DA:45,0
DA:46,0
DA:49,0
DA:51,0
DA:52,0
DA:55,0
DA:57,0
DA:61,1
DA:62,0
DA:63,0
DA:64,0
DA:66,0
DA:68,0
DA:73,0
DA:74,0
DA:78,0
DA:79,0
DA:81,0
DA:82,0
DA:83,0
DA:85,0
DA:86,0
DA:87,0
DA:89,0
DA:90,0
DA:91,0
DA:93,0
DA:94,0
DA:95,0
DA:96,0
DA:97,0
DA:99,0
DA:100,0
DA:101,0
DA:103,0
DA:104,0
DA:105,0
DA:107,0
DA:108,0
DA:109,0
DA:111,0
DA:112,0
DA:113,0
DA:117,0
DA:118,0
DA:122,0
DA:129,0
DA:132,0
DA:134,0
DA:135,0
DA:138,0
DA:143,0
DA:144,0
DA:152,1
DA:153,0
DA:155,0
DA:157,0
DA:158,0
DA:159,0
DA:161,0
LF:83
LH:7
BRDA:7,0,0,0
BRDA:7,0,1,0
BRDA:45,1,0,0
BRDA:45,1,1,0
BRDA:51,2,0,0
BRDA:51,2,1,0
BRDA:64,3,0,0
BRDA:64,3,1,0
BRDA:73,4,0,0
BRDA:73,4,1,0
BRDA:81,5,0,0
BRDA:81,5,1,0
BRDA:85,6,0,0
BRDA:85,6,1,0
BRDA:89,7,0,0
BRDA:89,7,1,0
BRDA:93,8,0,0
BRDA:93,8,1,0
BRDA:99,9,0,0
BRDA:99,9,1,0
BRDA:103,10,0,0
BRDA:103,10,1,0
BRDA:107,11,0,0
BRDA:107,11,1,0
BRDA:111,12,0,0
BRDA:111,12,1,0
BRDA:117,13,0,0
BRDA:117,13,1,0
BRDA:134,14,0,0
BRDA:134,14,1,0
BRF:30
BRH:0
end_of_record
TN:
SF:pedidosController.js
FN:4,(anonymous_0)
FN:12,(anonymous_1)
FN:41,(anonymous_2)
FN:71,(anonymous_3)
FN:72,(anonymous_4)
FNF:5
FNH:0
FNDA:0,(anonymous_0)
FNDA:0,(anonymous_1)
FNDA:0,(anonymous_2)
FNDA:0,(anonymous_3)
FNDA:0,(anonymous_4)
DA:1,1
DA:4,1
DA:5,0
DA:7,0
DA:8,0
DA:10,0
DA:12,0
DA:15,0
DA:18,0
DA:21,0
DA:24,0
DA:25,0
DA:29,0
DA:31,0
DA:34,0
DA:35,0
DA:36,0
DA:41,1
DA:42,0
DA:45,0
DA:67,0
DA:68,0
DA:71,0
DA:72,0
DA:73,0
DA:74,0
DA:81,0
DA:83,0
DA:89,0
DA:92,0
DA:94,0
DA:95,0
LF:32
LH:3
BRDA:73,0,0,0
BRDA:73,0,1,0
BRF:2
BRH:0
end_of_record
TN:
SF:productosController.js
FN:4,(anonymous_0)
FN:19,(anonymous_1)
FN:39,(anonymous_2)
FN:60,(anonymous_3)
FN:80,(anonymous_4)
FNF:5
FNH:0
FNDA:0,(anonymous_0)
FNDA:0,(anonymous_1)
FNDA:0,(anonymous_2)
FNDA:0,(anonymous_3)
FNDA:0,(anonymous_4)
DA:1,1
DA:4,1
DA:5,0
DA:6,0
DA:8,0
DA:10,0
DA:11,0
DA:12,0
DA:14,0
DA:19,1
DA:20,0
DA:23,0
DA:24,0
DA:26,0
DA:27,0
DA:28,0
DA:31,0
DA:32,0
DA:33,0
DA:35,0
DA:39,1
DA:40,0
DA:42,0
DA:44,0
DA:47,0
DA:48,0
DA:52,0
DA:55,0
DA:60,1
DA:61,0
DA:62,0
DA:63,0
DA:64,0
DA:66,0
DA:68,0
DA:69,0
DA:70,0
DA:71,0
DA:73,0
DA:75,0
DA:80,1
DA:81,0
DA:83,0
DA:85,0
DA:86,0
DA:87,0
DA:89,0
LF:47
LH:6
BRDA:26,0,0,0
BRDA:26,0,1,0
BRDA:47,1,0,0
BRDA:47,1,1,0
BRDA:70,2,0,0
BRDA:70,2,1,0
BRF:6
BRH:0
end_of_record
