TN:
SF:db.js
FNF:0
FNH:0
DA:1,6
DA:2,6
DA:4,6
DA:13,6
LF:4
LH:4
BRF:0
BRH:0
end_of_record
TN:
SF:controllers\authController.js
FN:6,(anonymous_0)
FNF:1
FNH:1
FNDA:7,(anonymous_0)
DA:1,1
DA:2,1
DA:3,1
DA:6,1
DA:7,7
DA:9,7
DA:10,1
DA:13,6
DA:14,6
DA:16,6
DA:17,6
DA:19,5
DA:20,1
DA:23,4
DA:25,4
DA:27,4
DA:28,3
DA:30,3
DA:31,1
DA:35,2
DA:37,2
DA:39,2
DA:40,2
LF:23
LH:23
BRDA:9,0,0,1
BRDA:9,0,1,6
BRDA:9,1,0,7
BRDA:9,1,1,2
BRDA:13,2,0,5
BRDA:13,2,1,1
BRDA:14,3,0,5
BRDA:14,3,1,1
BRDA:19,4,0,1
BRDA:19,4,1,4
BRDA:19,5,0,5
BRDA:19,5,1,5
BRDA:30,6,0,1
BRDA:30,6,1,2
BRF:14
BRH:14
end_of_record
TN:
SF:controllers\carritosController.js
FN:4,(anonymous_0)
FN:19,(anonymous_1)
FN:37,(anonymous_2)
FN:52,(anonymous_3)
FNF:4
FNH:4
FNDA:2,(anonymous_0)
FNDA:2,(anonymous_1)
FNDA:2,(anonymous_2)
FNDA:4,(anonymous_3)
DA:1,1
DA:4,1
DA:5,2
DA:7,2
DA:8,2
DA:12,1
DA:14,1
DA:19,1
DA:20,2
DA:22,2
DA:23,2
DA:30,1
DA:32,1
DA:37,1
DA:38,2
DA:40,2
DA:41,2
DA:45,1
DA:47,1
DA:52,1
DA:53,4
DA:55,4
DA:56,4
DA:57,4
DA:58,2
DA:63,2
DA:69,4
DA:70,2
DA:73,2
DA:75,0
LF:30
LH:29
BRDA:57,0,0,2
BRDA:57,0,1,2
BRDA:69,1,0,2
BRDA:69,1,1,2
BRF:4
BRH:4
end_of_record
TN:
SF:controllers\empresasController.js
FN:5,(anonymous_0)
FN:29,(anonymous_1)
FN:35,(anonymous_2)
FN:52,(anonymous_3)
FN:78,(anonymous_4)
FN:163,(anonymous_5)
FNF:6
FNH:6
FNDA:2,(anonymous_0)
FNDA:5,(anonymous_1)
FNDA:4,(anonymous_2)
FNDA:5,(anonymous_3)
FNDA:15,(anonymous_4)
FNDA:2,(anonymous_5)
DA:1,1
DA:2,1
DA:5,1
DA:6,2
DA:7,2
DA:8,2
DA:10,2
DA:12,2
DA:14,2
DA:16,2
DA:18,2
DA:21,1
DA:23,1
DA:24,1
DA:29,1
DA:30,5
DA:32,5
DA:33,5
DA:35,4
DA:36,4
DA:37,2
DA:39,4
DA:40,2
DA:42,4
DA:45,4
DA:47,1
DA:52,1
DA:53,5
DA:55,5
DA:56,5
DA:58,4
DA:59,1
DA:62,3
DA:64,3
DA:65,2
DA:67,3
DA:68,2
DA:71,3
DA:73,1
DA:78,1
DA:79,15
DA:80,15
DA:81,15
DA:82,15
DA:84,15
DA:85,15
DA:87,14
DA:88,1
DA:91,13
DA:92,13
DA:94,13
DA:95,4
DA:96,4
DA:99,13
DA:100,2
DA:101,2
DA:104,13
DA:105,2
DA:106,2
DA:109,13
DA:110,1
DA:111,1
DA:112,1
DA:115,13
DA:116,1
DA:117,1
DA:120,13
DA:121,1
DA:122,1
DA:125,13
DA:126,1
DA:127,1
DA:130,13
DA:131,2
DA:132,2
DA:135,13
DA:136,2
DA:137,2
DA:141,13
DA:142,1
DA:145,12
DA:146,12
DA:148,12
DA:150,12
DA:151,1
DA:154,11
DA:156,1
DA:157,1
DA:163,1
DA:164,2
DA:166,2
DA:168,2
DA:169,2
DA:170,1
DA:172,1
LF:95
LH:95
BRDA:7,0,0,2
BRDA:7,0,1,0
BRDA:8,1,0,2
BRDA:8,1,1,0
BRDA:36,2,0,2
BRDA:36,2,1,2
BRDA:39,3,0,2
BRDA:39,3,1,2
BRDA:58,4,0,1
BRDA:58,4,1,3
BRDA:64,5,0,2
BRDA:64,5,1,1
BRDA:67,6,0,2
BRDA:67,6,1,1
BRDA:81,7,0,2
BRDA:81,7,1,13
BRDA:82,8,0,2
BRDA:82,8,1,13
BRDA:87,9,0,1
BRDA:87,9,1,13
BRDA:94,10,0,4
BRDA:94,10,1,9
BRDA:99,11,0,2
BRDA:99,11,1,11
BRDA:104,12,0,2
BRDA:104,12,1,11
BRDA:109,13,0,1
BRDA:109,13,1,12
BRDA:115,14,0,1
BRDA:115,14,1,12
BRDA:120,15,0,1
BRDA:120,15,1,12
BRDA:125,16,0,1
BRDA:125,16,1,12
BRDA:130,17,0,2
BRDA:130,17,1,11
BRDA:135,18,0,2
BRDA:135,18,1,11
BRDA:141,19,0,1
BRDA:141,19,1,12
BRDA:150,20,0,1
BRDA:150,20,1,11
BRF:42
BRH:40
end_of_record
TN:
SF:controllers\negociosController.js
FN:5,(anonymous_0)
FN:27,(anonymous_1)
FN:39,(anonymous_2)
FN:61,(anonymous_3)
FN:152,(anonymous_4)
FNF:5
FNH:5
FNDA:2,(anonymous_0)
FNDA:2,(anonymous_1)
FNDA:4,(anonymous_2)
FNDA:13,(anonymous_3)
FNDA:2,(anonymous_4)
DA:1,1
DA:2,1
DA:5,1
DA:6,2
DA:7,2
DA:9,2
DA:11,2
DA:13,2
DA:15,2
DA:16,2
DA:19,1
DA:21,1
DA:22,1
DA:27,1
DA:29,2
DA:31,2
DA:32,2
DA:33,1
DA:35,1
DA:39,1
DA:40,4
DA:42,4
DA:43,4
DA:45,3
DA:46,1
DA:49,2
DA:51,2
DA:52,1
DA:55,2
DA:57,1
DA:61,1
DA:62,13
DA:63,13
DA:64,13
DA:66,13
DA:68,13
DA:73,12
DA:74,1
DA:78,11
DA:79,11
DA:81,11
DA:82,9
DA:83,9
DA:85,11
DA:86,8
DA:87,8
DA:89,11
DA:90,7
DA:91,7
DA:93,11
DA:94,7
DA:95,7
DA:96,7
DA:97,7
DA:99,11
DA:100,5
DA:101,5
DA:103,11
DA:104,4
DA:105,4
DA:107,11
DA:108,3
DA:109,3
DA:111,11
DA:112,7
DA:113,7
DA:117,11
DA:118,1
DA:122,10
DA:129,10
DA:132,10
DA:134,10
DA:135,1
DA:138,9
DA:143,1
DA:144,1
DA:152,1
DA:153,2
DA:155,2
DA:157,2
DA:158,2
DA:159,1
DA:161,1
LF:83
LH:83
BRDA:7,0,0,2
BRDA:7,0,1,0
BRDA:45,1,0,1
BRDA:45,1,1,2
BRDA:51,2,0,1
BRDA:51,2,1,1
BRDA:64,3,0,9
BRDA:64,3,1,4
BRDA:73,4,0,1
BRDA:73,4,1,11
BRDA:81,5,0,9
BRDA:81,5,1,2
BRDA:85,6,0,8
BRDA:85,6,1,3
BRDA:89,7,0,7
BRDA:89,7,1,4
BRDA:93,8,0,7
BRDA:93,8,1,4
BRDA:99,9,0,5
BRDA:99,9,1,6
BRDA:103,10,0,4
BRDA:103,10,1,7
BRDA:107,11,0,3
BRDA:107,11,1,8
BRDA:111,12,0,7
BRDA:111,12,1,4
BRDA:117,13,0,1
BRDA:117,13,1,10
BRDA:134,14,0,1
BRDA:134,14,1,9
BRF:30
BRH:29
end_of_record
TN:
SF:controllers\pedidosController.js
FN:4,(anonymous_0)
FN:12,(anonymous_1)
FN:41,(anonymous_2)
FN:69,(anonymous_3)
FN:70,(anonymous_4)
FNF:5
FNH:5
FNDA:3,(anonymous_0)
FNDA:3,(anonymous_1)
FNDA:3,(anonymous_2)
FNDA:2,(anonymous_3)
FNDA:1,(anonymous_4)
DA:1,1
DA:4,1
DA:5,3
DA:7,3
DA:8,3
DA:10,3
DA:12,3
DA:15,3
DA:18,3
DA:21,2
DA:24,2
DA:25,2
DA:29,2
DA:31,2
DA:34,1
DA:35,1
DA:36,1
DA:41,1
DA:42,3
DA:45,3
DA:65,3
DA:66,3
DA:69,2
DA:70,2
DA:71,2
DA:72,1
DA:79,1
DA:81,2
DA:87,2
DA:89,2
DA:91,1
DA:92,1
LF:32
LH:32
BRDA:71,0,0,1
BRDA:71,0,1,1
BRF:2
BRH:2
end_of_record
TN:
SF:controllers\productosController.js
FN:4,(anonymous_0)
FN:19,(anonymous_1)
FN:39,(anonymous_2)
FN:60,(anonymous_3)
FN:80,(anonymous_4)
FNF:5
FNH:5
FNDA:2,(anonymous_0)
FNDA:3,(anonymous_1)
FNDA:3,(anonymous_2)
FNDA:3,(anonymous_3)
FNDA:2,(anonymous_4)
DA:1,1
DA:4,1
DA:5,2
DA:6,2
DA:8,2
DA:10,2
DA:11,2
DA:12,1
DA:14,1
DA:19,1
DA:20,3
DA:23,3
DA:24,3
DA:26,3
DA:27,1
DA:28,1
DA:31,3
DA:32,3
DA:33,2
DA:35,1
DA:39,1
DA:40,3
DA:42,3
DA:44,3
DA:47,2
DA:48,1
DA:52,1
DA:55,1
DA:60,1
DA:61,3
DA:62,3
DA:63,3
DA:64,3
DA:66,3
DA:68,3
DA:69,3
DA:70,2
DA:71,1
DA:73,1
DA:75,1
DA:80,1
DA:81,2
DA:83,2
DA:85,2
DA:86,2
DA:87,1
DA:89,1
LF:47
LH:47
BRDA:26,0,0,1
BRDA:26,0,1,2
BRDA:47,1,0,1
BRDA:47,1,1,1
BRDA:70,2,0,1
BRDA:70,2,1,1
BRF:6
BRH:6
end_of_record
